D:\VisualStudioCode\TSM\TimesheetManager\TimesheetManager\Frontend\dist\out-tsc\src\app\app.component.js
D:\VisualStudioCode\TSM\TimesheetManager\TimesheetManager\Frontend\dist\out-tsc\src\app\app.component.js.map
D:\VisualStudioCode\TSM\TimesheetManager\TimesheetManager\Frontend\dist\out-tsc\src\app\components\nav-menu\nav-menu.component.js
D:\VisualStudioCode\TSM\TimesheetManager\TimesheetManager\Frontend\dist\out-tsc\src\app\components\nav-menu\nav-menu.component.js.map
D:\VisualStudioCode\TSM\TimesheetManager\TimesheetManager\Frontend\dist\out-tsc\src\app\components\home\home.component.js
D:\VisualStudioCode\TSM\TimesheetManager\TimesheetManager\Frontend\dist\out-tsc\src\app\components\home\home.component.js.map
D:\VisualStudioCode\TSM\TimesheetManager\TimesheetManager\Frontend\dist\out-tsc\src\app\models\timesheetModel.js
D:\VisualStudioCode\TSM\TimesheetManager\TimesheetManager\Frontend\dist\out-tsc\src\app\models\timesheetModel.js.map
D:\VisualStudioCode\TSM\TimesheetManager\TimesheetManager\Frontend\dist\out-tsc\src\app\components\timesheets\timesheets.component.js
D:\VisualStudioCode\TSM\TimesheetManager\TimesheetManager\Frontend\dist\out-tsc\src\app\components\timesheets\timesheets.component.js.map
D:\VisualStudioCode\TSM\TimesheetManager\TimesheetManager\Frontend\dist\out-tsc\src\app\app.module.js
D:\VisualStudioCode\TSM\TimesheetManager\TimesheetManager\Frontend\dist\out-tsc\src\app\app.module.js.map
D:\VisualStudioCode\TSM\TimesheetManager\TimesheetManager\Frontend\dist\out-tsc\src\environments\environment.js
D:\VisualStudioCode\TSM\TimesheetManager\TimesheetManager\Frontend\dist\out-tsc\src\environments\environment.js.map
D:\VisualStudioCode\TSM\TimesheetManager\TimesheetManager\Frontend\dist\out-tsc\src\main.js
D:\VisualStudioCode\TSM\TimesheetManager\TimesheetManager\Frontend\dist\out-tsc\src\main.js.map
D:\VisualStudioCode\TSM\TimesheetManager\TimesheetManager\Frontend\dist\out-tsc\src\polyfills.js
D:\VisualStudioCode\TSM\TimesheetManager\TimesheetManager\Frontend\dist\out-tsc\src\polyfills.js.map
D:\VisualStudioCode\TSM\TimesheetManager\TimesheetManager\Frontend\dist\out-tsc\src\test.js
D:\VisualStudioCode\TSM\TimesheetManager\TimesheetManager\Frontend\dist\out-tsc\src\test.js.map
D:\VisualStudioCode\TSM\TimesheetManager\TimesheetManager\Frontend\dist\out-tsc\e2e\src\app.po.js
D:\VisualStudioCode\TSM\TimesheetManager\TimesheetManager\Frontend\dist\out-tsc\e2e\src\app.po.js.map
D:\VisualStudioCode\TSM\TimesheetManager\TimesheetManager\Frontend\dist\out-tsc\e2e\src\app.e2e-spec.js
D:\VisualStudioCode\TSM\TimesheetManager\TimesheetManager\Frontend\dist\out-tsc\e2e\src\app.e2e-spec.js.map
D:\VisualStudioCode\TSM\TimesheetManager\TimesheetManager\Frontend\dist\out-tsc\src\app\app.server.module.js
D:\VisualStudioCode\TSM\TimesheetManager\TimesheetManager\Frontend\dist\out-tsc\src\app\app.server.module.js.map
D:\VisualStudioCode\TSM\TimesheetManager\TimesheetManager\Frontend\dist\out-tsc\src\environments\environment.prod.js
D:\VisualStudioCode\TSM\TimesheetManager\TimesheetManager\Frontend\dist\out-tsc\src\environments\environment.prod.js.map
D:\VisualStudioCode\TSM\TimesheetManager\TimesheetManager\Frontend\dist\out-tsc\src\app\helpers\constants.js
D:\VisualStudioCode\TSM\TimesheetManager\TimesheetManager\Frontend\dist\out-tsc\src\app\helpers\constants.js.map
